2025-03-24 03:53:12.363 | INFO     | __main__:create_test_contract:33 - Creating test inheritance contract at /home/files/git/a-finite-monkey-engine/tests/fixtures/test_inheritance.sol
2025-03-24 03:53:12.363 | INFO     | __main__:test_sgp_parser:129 - Parsing /home/files/git/a-finite-monkey-engine/tests/fixtures/test_inheritance.sol
2025-03-24 03:53:12.444 | INFO     | __main__:test_sgp_parser:137 - Successfully parsed with AsyncSolidityParser
2025-03-24 03:53:12.445 | ERROR    | __main__:test_sgp_parser:199 - Error testing AsyncSolidityParser: 'SourceUnit' object is not iterable
2025-03-24 03:53:12.445 | ERROR    | __main__:test_sgp_parser:201 - Traceback (most recent call last):
  File "/home/files/git/a-finite-monkey-engine/./scripts/test_sgp_parser.py", line 140, in test_sgp_parser
    ast_dict = ast_to_dict(ast)
               ^^^^^^^^^^^^^^^^
  File "/home/files/git/a-finite-monkey-engine/./scripts/test_sgp_parser.py", line 108, in ast_to_dict
    result[k] = [ast_to_dict(item) for item in ast]
                                               ^^^
TypeError: 'SourceUnit' object is not iterable

2025-03-24 03:53:12.445 | ERROR    | __main__:main:210 - ‚ùå AsyncSolidityParser test FAILED
